## 10.2 실행 계획 확인
- `DESC` , `EXPLAIN` 명령어로 확인 할 수 있다.


### 10.2.1 실행 계획 출력 포맷
- 8.0부터는 format 옵션을 사용해 표시 방법을 JSON, TREE, 단순 테이블 형태로 선택할 수 있다.
- 트리 형태:
```sql
-> Nested loop inner join  (cost=3.06 rows=10) (actual time=0.018..0.018 rows=0 loops=1)
    -> Index lookup on e using ix_firstname (first_name='ABC')  (cost=1.10 rows=1) (actual time=0.017..0.017 rows=0 loops=1)
    -> Index lookup on s using PRIMARY (emp_no=e.emp_no)  (cost=1.96 rows=10) (never executed)

```


### 10.2.2 쿼리의 실행 시간 확인
- `EXPLAIN ANALYZE` 명령어로 Tree 형태로 출력이 가능학 단계별 소요 시간 정보를 확인 할 수 있다.

```sql
-> Group aggregate: avg(s.salary)  (cost=495.47 rows=123) (actual time=1.168..74.057 rows=48 loops=1)
    -> Nested loop inner join  (cost=483.13 rows=123) (actual time=0.559..73.882 rows=48 loops=1)
        -> Covering index lookup on e using ix_firstname (first_name='Matt')  (cost=26.04 rows=233) (actual time=0.054..0.254 rows=233 loops=1)
        -> Filter: ((s.salary > 50000) and (s.from_date <= DATE'1990-01-01') and (s.to_date > DATE'1990-01-01'))  (cost=1.01 rows=1) (actual time=0.309..0.316 rows=0 loops=233)
            -> Index lookup on s using PRIMARY (emp_no=e.emp_no)  (cost=1.01 rows=10) (actual time=0.304..0.313 rows=10 loops=233)
```
- 들여쓰기는 호출 순서를 의미하며 실제 실행 순서는 다음 기준으로 읽으면 된다.
	- 들여쓰기가 같은 레벨에서는 상단에 위치한 라인이 먼저 실행
	- 다른 레벨에서는 가장 안쪽에 위치한 라인이 먼저 실행
- `EXPLAIN ANALYZE` 명령의 결과에는 단계별로 소요된 시간과 처리한 레코드 건수 , 반복 횟수가 표시 된다.
- `actual_time` : 레코드를 검색하는데 걸린 시간. 값이 두개가 있는데 첫번째는 레코드를 가져오는데걸린 평균 시간. 두번째는 마지막 레코드를 가져오는 데 걸린 평균 시간
- `EXPLAIN ANALYZE` 명령어는 실제 쿼리를 실행하고 사용된 계획과 소요 시간을 보여준다.